eg4_analysis /w/hallb/claseg4/ellie/batch/inputs/run_check/run_check.cpp ./info_lists/1p1_nh3.txt 	 started at 150204_14:39:33
----- START contents of /w/hallb/claseg4/ellie/batch/inputs/run_check/run_check.cpp ---------------------------------------------------------------------------------------
#include <stdio.h>
#include <stdlib.h>
#include <iostream.h>
#include <time.h>
#include <math.h>
using namespace std;

void run_check()
{
	TStopwatch runAllTime;

	// Set debug mode
//	bool debug = true;
	bool debug = false;

	cout << "Running run_check()..." << endl;

	if (debug) {cout << "Debug Mode On" << endl;}
	else {cout << "Debug Mode Off" << endl;}

	// Get runNumber from input.file
	string line = "";
	ifstream runNumberInputFile ("./input.file");
	getline(runNumberInputFile, line);
	int inRunNumber = atoi(line.c_str());
	int runNumber = inRunNumber;
	cout << "runNumber: " << runNumber << endl;

	// Gets run information and passes it to the main
	// workhorse script check_run
	get_run_info(runNumber, runAllTime, debug);

	// Get script run time
	Double_t totTime  = runAllTime.RealTime(); runAllTime.Continue();
	int totTimeDays		= floor(totTime/60/60/24);
	int totTimeHours	= fmod((totTime/60/60.0),24);
	int totTimeMinutes	= fmod((totTime/60.0),60);
	double totTimeSeconds	= totTime - 24*60*60*totTimeDays - 60*60*totTimeHours - 60*totTimeMinutes;
	cout << "Elapsed total time:              " << totTimeDays << " Days, " << totTimeHours << " Hours, " << totTimeMinutes << " Min., " << totTimeSeconds << " Sec." << endl;

	cout << "Finished with run_check()!" << endl;
	gROOT->ProcessLine(".q");
	return;
	cout << "Uh-oh? I shouldn't be here..." << endl;
}


// Gets run information and passes it to the workhorse script check_run
void get_run_info(int runNumber, TStopwatch runInfoTime, bool debug)
{
	cout << "============================================================" << endl;
	cout << "Running get_run_info(" << runNumber << ",runInfoTime)..." << endl;

	// Gets file prefix for current runNumber
	TString findCmd = "find /volatile/clas/claseg4/pass2 -name 'root_";
	findCmd += runNumber;
	findCmd += "_pass2.a00.root'";
	TString fullFile = gSystem->GetFromPipe(findCmd);
	TString filePrefix = fullFile.Remove(fullFile.Length()-25,fullFile.Length());

	double e_beam;
	TString e_beamStr;
	TString target;
	TString targetStr;
	TString checkAll;
	int sector = 1;
	int maxSector = 7;

	// Makes debug mode take far less time
	if (debug) {sector = 6;}

	// Get information based on file placement
	if      (fullFile.Contains("1p1gev")) {e_beam = 1.1;}
	else if (fullFile.Contains("1p3gev")) {e_beam = 1.3;}
	else if (fullFile.Contains("1p5gev")) {e_beam = 1.5;}
	else if (fullFile.Contains("2gev"))   {e_beam = 2.0;}
	else if (fullFile.Contains("2p2gev")) {e_beam = 2.2;}
	else if (fullFile.Contains("3gev"))   {e_beam = 3.0;}
	else {cout << "ERR: Incorrect input." << endl; return;}

	if (fullFile.Contains("carb"))     {target = "c12";}
	else if (fullFile.Contains("nh3")) {target = "nh3";}
	else if (fullFile.Contains("nd3")) {target = "nd3";}
	else if (fullFile.Contains("emp")) {target = "empty";}
	else {cout << "ERR: Incorrect input." << endl; return;}

	// Run main workhorse script for each sector
	for (int j=sector; j<maxSector; j++)
	{
		check_run(runNumber, e_beam, target, filePrefix, j, debug, runInfoTime);
	}

	cout << "Finished with get_run_info(" << runNumber << ",runInfoTime)!" << endl;
	cout << "============================================================" << endl;
	return;
}

// Main workhorse script
void check_run(int runNumber, double e_beam, TString target, TString filePrefix, int sector, bool debug, TStopwatch allTime)
{
	cout << "vvvvvvvvvvvvvvvvvvvvvvvvvvvvvvvvvvvvvvvvvvvvvvvvvvvvvvvvvvvvvvvvvvvvvvvvv" << endl;
	cout << "Running check_run for Run # " << runNumber << ", Sector " << sector << "..." << endl;

	TStopwatch thisRunTime;
	TString fileName;
	TChain* chain = new TChain("h10");
	bool fileExists = false;
	int aMax;	
	char e_beamStr[3];
	
	// Stops e_beamStr from being more than 1 decimal place long
	sprintf(e_beamStr,"%.1f",e_beam);

	TString title = "Beam Energy = ";
	title += e_beamStr;
	title += " GeV, Target = ";
	title += target;
	title += ", Run # ";
	title += runNumber;
	title += ", Sector ";
	title += sector;
	
	// Define cuts
	TString cuts = "id==11 && dc_sect==";
	cuts += sector;

	if (debug) {aMax = 2; cout << "Debug Mode On" << endl;}
	else {aMax = 1000; cout << "Debug Mode Off" << endl;}

	// Beam energies below are taken from Xiaochao Zheng's EG4 analysis note:
	// "Double- and Target Spin Asymmetries in
	//  Pion Electro-production from Polarized NH3 Targets"
	if (runNumber < 50724) {e_beam = 1.5190;}
	else if (runNumber > 50723 && runNumber < 50989) {e_beam = 2.9990;}
	else if (runNumber > 50988 && runNumber < 51155) {e_beam = 2.2596;}
	else if (runNumber > 51154 && runNumber < 51407) {e_beam = 1.3390;}
	else if (runNumber > 51406 && runNumber < 51487) {e_beam = 1.3376;}
	else if (runNumber > 51486 && runNumber < 51791) {e_beam = 1.9889;}
	else if (runNumber > 51790 && runNumber < 51871) {e_beam = 1.9932;}
	else if (runNumber > 51874 && runNumber < 52041) {e_beam = 1.3369;}
	else if (runNumber > 52050 && runNumber < 52296) {e_beam = 1.0539;}
	else {cout << "ERR: Run number has no known beam energy. Skipping run." << endl; return;}


	// Adds root files to chain
	for (int a=0; a<aMax; a++)
	{
		fileName = filePrefix;
		fileName += "root_";
		fileName += runNumber;
		fileName += "_pass2.a";
		if (a < 10) {fileName += "0";}
		fileName += a;
		fileName += ".root";
		ifstream ifile(fileName);
		if (ifile)
		{
			cout << "Adding file to chain: " << fileName << endl;
			chain->Add(fileName);
			TFile file(fileName);
			fileExists = true;
		}
		else
		{
			cout << "File " << fileName << " does not exist. Ending here." << endl;
			a=999999999;
		}
	}

	// Makes and displays kinematic variables
	if (fileExists)
	{
		gStyle->SetPalette(1);

		TCanvas *c1 = new TCanvas("c1","Run Check",1100,1100); //x,y
		pad0  =  new  TPad("pad0","pad0",0.0000,0.9500,1.0000,1.0000,0,0,0);
		pad1  =  new  TPad("pad1","pad1",0.0000,0.6333,0.3333,0.9500,0,0,0);
		pad2  =  new  TPad("pad2","pad2",0.3333,0.6333,0.6666,0.9500,0,0,0);
		pad3  =  new  TPad("pad3","pad3",0.6666,0.6333,1.0000,0.9500,0,0,0);
		pad4  =  new  TPad("pad4","pad4",0.0000,0.3166,0.3333,0.6333,0,0,0);
		pad5a =  new  TPad("pad5a","pad5a",0.3333,0.4749,0.6666,0.6333,0,0,0);
		pad5b =  new  TPad("pad5b","pad5b",0.3333,0.3166,0.6666,0.4749,0,0,0);
		pad6  =  new  TPad("pad6","pad6",0.6666,0.3166,1.0000,0.6333,0,0,0);
		pad7  =  new  TPad("pad7","pad7",0.0000,0.0000,0.3333,0.3166,0,0,0);
		pad8  =  new  TPad("pad8","pad8",0.3333,0.0000,0.6666,0.3166,0,0,0);
		pad9  =  new  TPad("pad9","pad9",0.6666,0.0000,1.0000,0.3166,0,0,0);
		pad1->Draw();pad2->Draw();pad3->Draw();pad4->Draw();pad5a->Draw();pad5b->Draw();
		pad6->Draw();pad7->Draw();pad8->Draw();pad9->Draw();pad0->Draw();


	
		pad0->cd();
		TPaveLabel *titleBox = new TPaveLabel(0.1,0.1,0.9,0.9,title);
		titleBox->Draw();
		titleBox->SetFillColor(kWhite);
		pad0->Update();

		pad1->cd();
		TString titleRaster = "Raster x:y for Run # ";
		titleRaster += runNumber;
		cout << "Drawing " << titleRaster << "..."  << endl;
		chain->Draw("raster_x:raster_y>>raster(100,2000,6000,100,2000,6000)", cuts, "");
		raster->SetTitle(titleRaster);
		raster->SetStats(kFALSE);
		raster->Draw("COLZ");
		pad1->Update();

		pad2->cd();
		TString titleTarget = "Vertex z for Run # ";
		titleTarget += runNumber;
		cout << "Drawing Vertex z..." << endl;
		chain->Draw("dc_vz>>vertZ(400,-800,800)", cuts, "");
		vertZ->SetTitle(titleTarget);
		vertZ->Draw();
		pad2->Update();

		pad3->cd();
		TString titleVThPh = "Vertex th:ph for Run # ";
		titleVThPh += runNumber;
		cout << "Drawing " << titleVThPh << "..." << endl;
		chain->Draw("atan(dc_vx/dc_vy)*180/3.14159:acos(dc_vz/sqrt(dc_vx*dc_vx+dc_vy*dc_vy+dc_vz*dc_vz))*180/3.14159>>vThPh(300,0,180,300,-90,90)", cuts, "");
		vThPh->SetTitle(titleVThPh);
		vThPh->SetStats(kFALSE);
		vThPh->Draw("COLZ");
		pad3->Update();

		pad4->cd();
		TString titlebeamE = "Beam Energy for Run # ";
		titlebeamE += runNumber;
		cout << "Drawing " << titlebeamE << "..." << endl;
		TString drawbeamE = "";
		drawbeamE += e_beam;
		drawbeamE += ">>beamE(100,0,4)";
		chain->Draw(drawbeamE, cuts, "");
		beamE->SetTitle(titlebeamE);
	//	beamE->SetStats(kFALSE);
		beamE->Draw();
		pad4->Update();

		pad5a->cd();
		TString titleRThNphe = "Reconstructed Theta:nphe for Run # ";
		titleRThNphe += runNumber;
		cout << "Drawing " << titleRThNphe << "..."  << endl;
		chain->Draw("dc_ccth:nphe>>rThNphe(100,0,500,100,0,60)", cuts, "");
		rThNphe->SetTitle(titleRThNphe);
		rThNphe->SetStats(kFALSE);
		rThNphe->Draw("COLZ");
		pad5a->Update();

		pad5b->cd();
		TString titleRPhNphe = "Reconstructed Phi:nphe for Run # ";
		titleRPhNphe += runNumber;
		cout << "Drawing " << titleRPhNphe << "..."  << endl;
		chain->Draw("dc_ccph:nphe>>rPhNphe(100,0,500,100,-30,30)", cuts, "");
		rPhNphe->SetTitle(titleRPhNphe);
		rPhNphe->SetStats(kFALSE);
		rPhNphe->Draw("COLZ");
		pad5b->Update();

		pad6->cd();
		TString titleNu = "Nu for Run # ";
		titleNu += runNumber;
		cout << "Drawing " << titleNu << "..." << endl;
		TString drawNu = "";
		drawNu += e_beam;
		drawNu += "-p>>histNu(100,-0.2,1.1)";
		chain->Draw(drawNu, cuts, "");
		histNu->SetTitle(titleNu);
	//	histNu->SetStats(kFALSE);
		histNu->Draw();
		pad6->Update();

		pad7->cd();
		TString titleW2 = "W^2 for Run # ";
		titleW2 += runNumber;
		cout << "Drawing " << titleW2 << "..." << endl;
		TString drawW2 = "0.938*0.938+2*0.938*(";
		drawW2 += e_beam;
		drawW2 += "-p)-4*";
		drawW2 += e_beam;
		drawW2 += "*p*(sin(dc_ccth*3.14159/180/2)^2)>>histW2(100,0,4)";
		chain->Draw(drawW2, cuts, "");
		histW2->SetTitle(titleW2);
	//	histW2->SetStats(kFALSE);
		histW2->Draw();
		pad7->Update();

		pad8->cd();
		TString titleQ2 = "Q^2 for Run # ";
		titleQ2 += runNumber;
		cout << "Drawing " << titleQ2 << "..." << endl;
		TString drawQ2 = "4*";
		drawQ2 += e_beam;
		drawQ2 += "*p*(sin(dc_ccth*3.14159/180/2)^2)>>histQ2(400,0,0.5)";
		chain->Draw(drawQ2, cuts, "");
		histQ2->SetTitle(titleQ2);
		histQ2->Draw();
		pad8->Update(); 

		pad9->cd();
//		pad9->SetLogy();
		TString titlex = "Bjorken x ";
		titlex += " (x=Q^2/[2m*nu]) for Run # ";
		titlex += runNumber;
		cout << "Drawing " << titlex << "..." << endl;
		TString drawx = "4*";
		drawx += e_beam;
		drawx += "*p*(sin(dc_ccth*3.14159/180/2)^2)/(2*0.938*(";
		drawx += e_beam;
		drawx += "-p))>>histx(400,0,3)";
		chain->Draw(drawx, cuts, "");
		histx->SetTitle(titlex);
		histx->Draw();
		pad9->Update();


		// Outputs file image
//		TString imagename = "./Run_Checks/Run_Check_for_Sector_";
		TString imagename = "./Run_Check_for_";
		imagename += target;
		imagename += "_Ebeam_";
		imagename += e_beamStr;
		imagename += "GeV_Sector_";
		imagename += sector;
		imagename += "_Run_";
		imagename += runNumber;
		imagename += ".png";
		c1->Print(imagename);
	}
	else {cout << "There is no file for Run # " << runNumber << endl;}

	// Stops code from automatically exiting to check that plots
	// look good
//	if (debug)
	if (false)
	{
		TString exits;
		cout << "Are you ready to finish?" << endl;
		cin >> exits;
	}

	// Output elapsed time
	Double_t thisTime = thisRunTime.RealTime(); thisRunTime.Reset();
	Double_t totTime  = allTime.RealTime(); allTime.Continue();
	int thisTimeDay		= floor(thisTime/60/60/24);
	int thisTimeHours	= fmod((thisTime/60/60.0),24);
	int thisTimeMinutes	= fmod((thisTime/60.0),60);
	double thisTimeSeconds	= thisTime - 24*60*60*thisTimeDays - 60*60*thisTimeHours - 60*thisTimeMinutes;
	int totTimeDays		= floor(totTime/60/60/24);
	int totTimeHours	= fmod((totTime/60/60.0),24);
	int totTimeMinutes	= fmod((totTime/60.0),60);
	double totTimeSeconds	= totTime - 24*60*60*totTimeDays - 60*60*totTimeHours - 60*totTimeMinutes;
	cout << "Elapsed time for current sector: " << thisTimeDays << " Days, " << thisTimeHours << " Hours, " << thisTimeMinutes << " Min., " << thisTimeSeconds << " Sec." << endl;
	cout << "Elapsed total time:              " << totTimeDays << " Days, " << totTimeHours << " Hours, " << totTimeMinutes << " Min., " << totTimeSeconds << " Sec." << endl;

	cout << "Finished check_run for Run # " << runNumber << "!" << endl;
	cout << "^^^^^^^^^^^^^^^^^^^^^^^^^^^^^^^^^^^^^^^^^^^^^^^^^^^^^^^^^^^^^^^^^^^^^^^^^" << endl;

	return;

}












----- END contents of /w/hallb/claseg4/ellie/batch/inputs/run_check/run_check.cpp ---------------------------------------------------------------------------------------

opening run list and noting any problems by line number: 

----- START sample sub file from first good line of ./info_lists/1p1_nh3.txt ---------------------------------------------------------------------------------------
<Request>
	<Project name="eg4a"/>
	<Track name="analysis"/>
	<Name name="eg4_analysis_1_52077"/>
	<Command><![CDATA[
echo '\nellie@ifarm> date' > /w/hallb/claseg4/ellie/batch/results/output_150204_14:39:33/eg4_run_check_text_for_run_52077.out
date >> /w/hallb/claseg4/ellie/batch/results/output_150204_14:39:33/eg4_run_check_text_for_run_52077.out
echo '\nellie@ifarm> source /w/hallb/claseg4/ellie/batch/inputs/run_check/set_environment_variables_for_vanalyzer.tcsh' >> /w/hallb/claseg4/ellie/batch/results/output_150204_14:39:33/eg4_run_check_text_for_run_52077.out
source /w/hallb/claseg4/ellie/batch/inputs/run_check/set_environment_variables_for_vanalyzer.tcsh >> /w/hallb/claseg4/ellie/batch/results/output_150204_14:39:33/eg4_run_check_text_for_run_52077.out
echo '\nellie@ifarm> printenv' >> /w/hallb/claseg4/ellie/batch/results/output_150204_14:39:33/eg4_run_check_text_for_run_52077.out
printenv >> /w/hallb/claseg4/ellie/batch/results/output_150204_14:39:33/eg4_run_check_text_for_run_52077.out
echo '\nellie@ifarm> ls -ltr' >> /w/hallb/claseg4/ellie/batch/results/output_150204_14:39:33/eg4_run_check_text_for_run_52077.out
ls -ltr >> /w/hallb/claseg4/ellie/batch/results/output_150204_14:39:33/eg4_run_check_text_for_run_52077.out
echo '\nellie@ifarm> rm input.file' >> /w/hallb/claseg4/ellie/batch/results/output_150204_14:39:33/eg4_run_check_text_for_run_52077.out
rm input.file >> /w/hallb/claseg4/ellie/batch/results/output_150204_14:39:33/eg4_run_check_text_for_run_52077.out
echo '\nellie@ifarm> ls -ltr' >> /w/hallb/claseg4/ellie/batch/results/output_150204_14:39:33/eg4_run_check_text_for_run_52077.out
ls -ltr >> /w/hallb/claseg4/ellie/batch/results/output_150204_14:39:33/eg4_run_check_text_for_run_52077.out
echo '\nellie@ifarm> echo 52077 > input.file' >> /w/hallb/claseg4/ellie/batch/results/output_150204_14:39:33/eg4_run_check_text_for_run_52077.out
echo 52077 > input.file
echo '\nellie@ifarm> cat input.file' >> /w/hallb/claseg4/ellie/batch/results/output_150204_14:39:33/eg4_run_check_text_for_run_52077.out
cat input.file >> /w/hallb/claseg4/ellie/batch/results/output_150204_14:39:33/eg4_run_check_text_for_run_52077.out
echo '\nellie@ifarm> root run_check.cpp' >> /w/hallb/claseg4/ellie/batch/results/output_150204_14:39:33/eg4_run_check_text_for_run_52077.out
root run_check.cpp >> /w/hallb/claseg4/ellie/batch/results/output_150204_14:39:33/eg4_run_check_text_for_run_52077.out
echo '\nellie@ifarm> cp *.png /w/hallb/claseg4/ellie/batch/results/output_150204_14:39:33/.' >> /w/hallb/claseg4/ellie/batch/results/output_150204_14:39:33/eg4_run_check_text_for_run_52077.out
cp *.png /w/hallb/claseg4/ellie/batch/results/output_150204_14:39:33/. >> /w/hallb/claseg4/ellie/batch/results/output_150204_14:39:33/eg4_run_check_text_for_run_52077.out
echo '\nellie@ifarm> ls -ltr' >> /w/hallb/claseg4/ellie/batch/results/output_150204_14:39:33/eg4_run_check_text_for_run_52077.out
ls -ltr >> /w/hallb/claseg4/ellie/batch/results/output_150204_14:39:33/eg4_run_check_text_for_run_52077.out
echo '\nellie@ifarm> date' >> /w/hallb/claseg4/ellie/batch/results/output_150204_14:39:33/eg4_run_check_text_for_run_52077.out
date >> /w/hallb/claseg4/ellie/batch/results/output_150204_14:39:33/eg4_run_check_text_for_run_52077.out
	]]></Command>

	<DiskSpace space="15" unit="GB"/>

	<Memory space="4" unit="GB"/>

	<TimeLimit unit="hours" time="72"/>

	<Input src="/w/hallb/claseg4/ellie/batch/inputs/run_check/run_check.cpp" dest="run_check.cpp"/>

	<Job>
		<Output src="./summaryphy_52077.log" dest="/w/hallb/claseg4/ellie/batch/results/output_150204_14:39:33/eg4_run_check_52077.log"/>
		<Stdout dest="/w/hallb/claseg4/ellie/batch/logs/job_on_150204_14:39:33/eg4_run_check_52077.stdout"/>
		<Stderr dest="/w/hallb/claseg4/ellie/batch/logs/job_on_150204_14:39:33/eg4_run_check_52077.stderr"/>
	</Job>

</Request>
----- END   sample sub file from first good line of ./info_lists/1p1_nh3.txt  --------------------------------------------------------------------------------------

[m[?25hParsing script ... (it may take while)
<jsub><request><index>7091195</index><jobIndex>11527847</jobIndex></request></jsub>
--------------------------------------------------------------------------------------------
job number 1	 run number = 52077 	 job submission probably succeeded at Wed Feb  4 14:39:39 EST 2015
[m[?25hParsing script ... (it may take while)
<jsub><request><index>7091198</index><jobIndex>11527850</jobIndex></request></jsub>
--------------------------------------------------------------------------------------------
job number 2	 run number = 52080 	 job submission probably succeeded at Wed Feb  4 14:39:43 EST 2015
[m[?25hParsing script ... (it may take while)
<jsub><request><index>7091200</index><jobIndex>11527852</jobIndex></request></jsub>
--------------------------------------------------------------------------------------------
job number 3	 run number = 52081 	 job submission probably succeeded at Wed Feb  4 14:39:47 EST 2015
[m[?25hParsing script ... (it may take while)
<jsub><request><index>7091202</index><jobIndex>11527854</jobIndex></request></jsub>
--------------------------------------------------------------------------------------------
job number 4	 run number = 52082 	 job submission probably succeeded at Wed Feb  4 14:39:51 EST 2015
[m[?25hParsing script ... (it may take while)
<jsub><request><index>7091205</index><jobIndex>11527857</jobIndex></request></jsub>
--------------------------------------------------------------------------------------------
job number 5	 run number = 52083 	 job submission probably succeeded at Wed Feb  4 14:40:00 EST 2015
[m[?25hParsing script ... (it may take while)
<jsub><request><index>7091209</index><jobIndex>11527861</jobIndex></request></jsub>
--------------------------------------------------------------------------------------------
job number 6	 run number = 52084 	 job submission probably succeeded at Wed Feb  4 14:40:04 EST 2015
[m[?25hParsing script ... (it may take while)
<jsub><request><index>7091211</index><jobIndex>11527863</jobIndex></request></jsub>
--------------------------------------------------------------------------------------------
job number 7	 run number = 52085 	 job submission probably succeeded at Wed Feb  4 14:40:08 EST 2015
[m[?25hParsing script ... (it may take while)
<jsub><request><index>7091216</index><jobIndex>11527868</jobIndex></request></jsub>
--------------------------------------------------------------------------------------------
job number 8	 run number = 52120 	 job submission probably succeeded at Wed Feb  4 14:40:17 EST 2015
[m[?25hParsing script ... (it may take while)
<jsub><request><index>7091218</index><jobIndex>11527870</jobIndex></request></jsub>
--------------------------------------------------------------------------------------------
job number 9	 run number = 52121 	 job submission probably succeeded at Wed Feb  4 14:40:21 EST 2015
[m[?25hParsing script ... (it may take while)
<jsub><request><index>7091220</index><jobIndex>11527872</jobIndex></request></jsub>
--------------------------------------------------------------------------------------------
job number 10	 run number = 52131 	 job submission probably succeeded at Wed Feb  4 14:40:25 EST 2015
[m[?25hParsing script ... (it may take while)
<jsub><request><index>7091225</index><jobIndex>11527877</jobIndex></request></jsub>
--------------------------------------------------------------------------------------------
job number 11	 run number = 52132 	 job submission probably succeeded at Wed Feb  4 14:40:34 EST 2015
[m[?25hParsing script ... (it may take while)
<jsub><request><index>7091228</index><jobIndex>11527879</jobIndex></request></jsub>
--------------------------------------------------------------------------------------------
job number 12	 run number = 52133 	 job submission probably succeeded at Wed Feb  4 14:40:38 EST 2015
[m[?25hParsing script ... (it may take while)
<jsub><request><index>7091230</index><jobIndex>11527881</jobIndex></request></jsub>
--------------------------------------------------------------------------------------------
job number 13	 run number = 52134 	 job submission probably succeeded at Wed Feb  4 14:40:42 EST 2015
[m[?25hParsing script ... (it may take while)
<jsub><request><index>7091232</index><jobIndex>11527883</jobIndex></request></jsub>
--------------------------------------------------------------------------------------------
job number 14	 run number = 52135 	 job submission probably succeeded at Wed Feb  4 14:40:46 EST 2015
[m[?25hParsing script ... (it may take while)
<jsub><request><index>7091233</index><jobIndex>11527884</jobIndex></request></jsub>
--------------------------------------------------------------------------------------------
job number 15	 run number = 52136 	 job submission probably succeeded at Wed Feb  4 14:40:50 EST 2015
[m[?25hParsing script ... (it may take while)
<jsub><request><index>7091234</index><jobIndex>11527885</jobIndex></request></jsub>
--------------------------------------------------------------------------------------------
job number 16	 run number = 52139 	 job submission probably succeeded at Wed Feb  4 14:40:59 EST 2015
[m[?25hParsing script ... (it may take while)
<jsub><request><index>7091236</index><jobIndex>11527886</jobIndex></request></jsub>
--------------------------------------------------------------------------------------------
job number 17	 run number = 52149 	 job submission probably succeeded at Wed Feb  4 14:41:04 EST 2015
[m[?25hParsing script ... (it may take while)
<jsub><request><index>7091237</index><jobIndex>11527887</jobIndex></request></jsub>
--------------------------------------------------------------------------------------------
job number 18	 run number = 52150 	 job submission probably succeeded at Wed Feb  4 14:41:07 EST 2015
[m[?25hParsing script ... (it may take while)
<jsub><request><index>7091238</index><jobIndex>11527888</jobIndex></request></jsub>
--------------------------------------------------------------------------------------------
job number 19	 run number = 52153 	 job submission probably succeeded at Wed Feb  4 14:41:11 EST 2015
[m[?25hParsing script ... (it may take while)
<jsub><request><index>7091239</index><jobIndex>11527889</jobIndex></request></jsub>
--------------------------------------------------------------------------------------------
job number 20	 run number = 52154 	 job submission probably succeeded at Wed Feb  4 14:41:15 EST 2015
[m[?25hParsing script ... (it may take while)
<jsub><request><index>7091240</index><jobIndex>11527890</jobIndex></request></jsub>
--------------------------------------------------------------------------------------------
job number 21	 run number = 52155 	 job submission probably succeeded at Wed Feb  4 14:41:19 EST 2015
[m[?25hParsing script ... (it may take while)
<jsub><request><index>7091242</index><jobIndex>11527891</jobIndex></request></jsub>
--------------------------------------------------------------------------------------------
job number 22	 run number = 52156 	 job submission probably succeeded at Wed Feb  4 14:41:23 EST 2015
[m[?25hParsing script ... (it may take while)
<jsub><request><index>7091243</index><jobIndex>11527892</jobIndex></request></jsub>
--------------------------------------------------------------------------------------------
job number 23	 run number = 52157 	 job submission probably succeeded at Wed Feb  4 14:41:26 EST 2015
[m[?25hParsing script ... (it may take while)
<jsub><request><index>7091244</index><jobIndex>11527893</jobIndex></request></jsub>
--------------------------------------------------------------------------------------------
job number 24	 run number = 52158 	 job submission probably succeeded at Wed Feb  4 14:41:30 EST 2015
[m[?25hParsing script ... (it may take while)
<jsub><request><index>7091245</index><jobIndex>11527894</jobIndex></request></jsub>
--------------------------------------------------------------------------------------------
job number 25	 run number = 52159 	 job submission probably succeeded at Wed Feb  4 14:41:34 EST 2015
[m[?25hParsing script ... (it may take while)
<jsub><request><index>7091246</index><jobIndex>11527895</jobIndex></request></jsub>
--------------------------------------------------------------------------------------------
job number 26	 run number = 52160 	 job submission probably succeeded at Wed Feb  4 14:41:38 EST 2015
[m[?25hParsing script ... (it may take while)
<jsub><request><index>7091247</index><jobIndex>11527896</jobIndex></request></jsub>
--------------------------------------------------------------------------------------------
job number 27	 run number = 52161 	 job submission probably succeeded at Wed Feb  4 14:41:42 EST 2015
[m[?25hParsing script ... (it may take while)
<jsub><request><index>7091249</index><jobIndex>11527898</jobIndex></request></jsub>
--------------------------------------------------------------------------------------------
job number 28	 run number = 52164 	 job submission probably succeeded at Wed Feb  4 14:41:46 EST 2015
[m[?25hParsing script ... (it may take while)
<jsub><request><index>7091252</index><jobIndex>11527901</jobIndex></request></jsub>
--------------------------------------------------------------------------------------------
job number 29	 run number = 52165 	 job submission probably succeeded at Wed Feb  4 14:41:50 EST 2015
[m[?25hParsing script ... (it may take while)
<jsub><request><index>7091254</index><jobIndex>11527903</jobIndex></request></jsub>
--------------------------------------------------------------------------------------------
job number 30	 run number = 52167 	 job submission probably succeeded at Wed Feb  4 14:41:54 EST 2015
[m[?25hParsing script ... (it may take while)
<jsub><request><index>7091257</index><jobIndex>11527906</jobIndex></request></jsub>
--------------------------------------------------------------------------------------------
job number 31	 run number = 52173 	 job submission probably succeeded at Wed Feb  4 14:41:58 EST 2015
[m[?25hParsing script ... (it may take while)
<jsub><request><index>7091259</index><jobIndex>11527908</jobIndex></request></jsub>
--------------------------------------------------------------------------------------------
job number 32	 run number = 52176 	 job submission probably succeeded at Wed Feb  4 14:42:03 EST 2015
[m[?25hParsing script ... (it may take while)
<jsub><request><index>7091263</index><jobIndex>11527912</jobIndex></request></jsub>
--------------------------------------------------------------------------------------------
job number 33	 run number = 52179 	 job submission probably succeeded at Wed Feb  4 14:42:12 EST 2015
[m[?25hParsing script ... (it may take while)
<jsub><request><index>7091268</index><jobIndex>11527917</jobIndex></request></jsub>
--------------------------------------------------------------------------------------------
job number 34	 run number = 52182 	 job submission probably succeeded at Wed Feb  4 14:42:21 EST 2015
[m[?25hParsing script ... (it may take while)
<jsub><request><index>7091270</index><jobIndex>11527919</jobIndex></request></jsub>
--------------------------------------------------------------------------------------------
job number 35	 run number = 52185 	 job submission probably succeeded at Wed Feb  4 14:42:25 EST 2015
[m[?25hParsing script ... (it may take while)
<jsub><request><index>7091273</index><jobIndex>11527922</jobIndex></request></jsub>
--------------------------------------------------------------------------------------------
job number 36	 run number = 52186 	 job submission probably succeeded at Wed Feb  4 14:42:30 EST 2015
[m[?25hParsing script ... (it may take while)
<jsub><request><index>7091275</index><jobIndex>11527924</jobIndex></request></jsub>
--------------------------------------------------------------------------------------------
job number 37	 run number = 52188 	 job submission probably succeeded at Wed Feb  4 14:42:34 EST 2015
[m[?25hParsing script ... (it may take while)
<jsub><request><index>7091277</index><jobIndex>11527926</jobIndex></request></jsub>
--------------------------------------------------------------------------------------------
job number 38	 run number = 52193 	 job submission probably succeeded at Wed Feb  4 14:42:38 EST 2015
[m[?25hParsing script ... (it may take while)
<jsub><request><index>7091280</index><jobIndex>11527929</jobIndex></request></jsub>
--------------------------------------------------------------------------------------------
job number 39	 run number = 52200 	 job submission probably succeeded at Wed Feb  4 14:42:42 EST 2015
[m[?25hParsing script ... (it may take while)
<jsub><request><index>7091282</index><jobIndex>11527931</jobIndex></request></jsub>
--------------------------------------------------------------------------------------------
job number 40	 run number = 52202 	 job submission probably succeeded at Wed Feb  4 14:42:45 EST 2015
[m[?25hParsing script ... (it may take while)
<jsub><request><index>7091284</index><jobIndex>11527933</jobIndex></request></jsub>
--------------------------------------------------------------------------------------------
job number 41	 run number = 52203 	 job submission probably succeeded at Wed Feb  4 14:42:49 EST 2015
[m[?25hParsing script ... (it may take while)
<jsub><request><index>7091287</index><jobIndex>11527936</jobIndex></request></jsub>
--------------------------------------------------------------------------------------------
job number 42	 run number = 52204 	 job submission probably succeeded at Wed Feb  4 14:42:54 EST 2015
[m[?25hParsing script ... (it may take while)
<jsub><request><index>7091289</index><jobIndex>11527938</jobIndex></request></jsub>
--------------------------------------------------------------------------------------------
job number 43	 run number = 52205 	 job submission probably succeeded at Wed Feb  4 14:42:58 EST 2015
[m[?25hParsing script ... (it may take while)
<jsub><request><index>7091292</index><jobIndex>11527941</jobIndex></request></jsub>
--------------------------------------------------------------------------------------------
job number 44	 run number = 52206 	 job submission probably succeeded at Wed Feb  4 14:43:02 EST 2015
[m[?25hParsing script ... (it may take while)
<jsub><request><index>7091294</index><jobIndex>11527943</jobIndex></request></jsub>
--------------------------------------------------------------------------------------------
job number 45	 run number = 52207 	 job submission probably succeeded at Wed Feb  4 14:43:06 EST 2015
[m[?25hParsing script ... (it may take while)
<jsub><request><index>7091297</index><jobIndex>11527946</jobIndex></request></jsub>
--------------------------------------------------------------------------------------------
job number 46	 run number = 52208 	 job submission probably succeeded at Wed Feb  4 14:43:09 EST 2015
[m[?25hParsing script ... (it may take while)
<jsub><request><index>7091299</index><jobIndex>11527948</jobIndex></request></jsub>
--------------------------------------------------------------------------------------------
job number 47	 run number = 52209 	 job submission probably succeeded at Wed Feb  4 14:43:13 EST 2015
[m[?25hParsing script ... (it may take while)
<jsub><request><index>7091301</index><jobIndex>11527950</jobIndex></request></jsub>
--------------------------------------------------------------------------------------------
job number 48	 run number = 52210 	 job submission probably succeeded at Wed Feb  4 14:43:17 EST 2015
[m[?25hParsing script ... (it may take while)
<jsub><request><index>7091304</index><jobIndex>11527953</jobIndex></request></jsub>
--------------------------------------------------------------------------------------------
job number 49	 run number = 52211 	 job submission probably succeeded at Wed Feb  4 14:43:21 EST 2015
[m[?25hParsing script ... (it may take while)
<jsub><request><index>7091306</index><jobIndex>11527955</jobIndex></request></jsub>
--------------------------------------------------------------------------------------------
job number 50	 run number = 52212 	 job submission probably succeeded at Wed Feb  4 14:43:25 EST 2015
[m[?25hParsing script ... (it may take while)
<jsub><request><index>7091309</index><jobIndex>11527958</jobIndex></request></jsub>
--------------------------------------------------------------------------------------------
job number 51	 run number = 52213 	 job submission probably succeeded at Wed Feb  4 14:43:29 EST 2015
[m[?25hParsing script ... (it may take while)
<jsub><request><index>7091311</index><jobIndex>11527960</jobIndex></request></jsub>
--------------------------------------------------------------------------------------------
job number 52	 run number = 52214 	 job submission probably succeeded at Wed Feb  4 14:43:33 EST 2015
[m[?25hParsing script ... (it may take while)
<jsub><request><index>7091313</index><jobIndex>11527962</jobIndex></request></jsub>
--------------------------------------------------------------------------------------------
job number 53	 run number = 52224 	 job submission probably succeeded at Wed Feb  4 14:43:37 EST 2015
[m[?25hParsing script ... (it may take while)
<jsub><request><index>7091316</index><jobIndex>11527965</jobIndex></request></jsub>
--------------------------------------------------------------------------------------------
job number 54	 run number = 52225 	 job submission probably succeeded at Wed Feb  4 14:43:41 EST 2015
[m[?25hParsing script ... (it may take while)
<jsub><request><index>7091318</index><jobIndex>11527967</jobIndex></request></jsub>
--------------------------------------------------------------------------------------------
job number 55	 run number = 52226 	 job submission probably succeeded at Wed Feb  4 14:43:45 EST 2015
[m[?25hParsing script ... (it may take while)
<jsub><request><index>7091321</index><jobIndex>11527970</jobIndex></request></jsub>
--------------------------------------------------------------------------------------------
job number 56	 run number = 52227 	 job submission probably succeeded at Wed Feb  4 14:43:49 EST 2015
[m[?25hParsing script ... (it may take while)
<jsub><request><index>7091323</index><jobIndex>11527972</jobIndex></request></jsub>
--------------------------------------------------------------------------------------------
job number 57	 run number = 52228 	 job submission probably succeeded at Wed Feb  4 14:43:53 EST 2015
[m[?25hParsing script ... (it may take while)
<jsub><request><index>7091326</index><jobIndex>11527975</jobIndex></request></jsub>
--------------------------------------------------------------------------------------------
job number 58	 run number = 52229 	 job submission probably succeeded at Wed Feb  4 14:43:57 EST 2015
[m[?25hParsing script ... (it may take while)
<jsub><request><index>7091328</index><jobIndex>11527977</jobIndex></request></jsub>
--------------------------------------------------------------------------------------------
job number 59	 run number = 52230 	 job submission probably succeeded at Wed Feb  4 14:44:01 EST 2015
[m[?25hParsing script ... (it may take while)
<jsub><request><index>7091330</index><jobIndex>11527979</jobIndex></request></jsub>
--------------------------------------------------------------------------------------------
job number 60	 run number = 52231 	 job submission probably succeeded at Wed Feb  4 14:44:05 EST 2015
[m[?25hParsing script ... (it may take while)
<jsub><request><index>7091333</index><jobIndex>11527982</jobIndex></request></jsub>
--------------------------------------------------------------------------------------------
job number 61	 run number = 52232 	 job submission probably succeeded at Wed Feb  4 14:44:09 EST 2015
[m[?25hParsing script ... (it may take while)
<jsub><request><index>7091335</index><jobIndex>11527984</jobIndex></request></jsub>
--------------------------------------------------------------------------------------------
job number 62	 run number = 52233 	 job submission probably succeeded at Wed Feb  4 14:44:13 EST 2015
[m[?25hParsing script ... (it may take while)
<jsub><request><index>7091338</index><jobIndex>11527987</jobIndex></request></jsub>
--------------------------------------------------------------------------------------------
job number 63	 run number = 52234 	 job submission probably succeeded at Wed Feb  4 14:44:17 EST 2015
[m[?25hParsing script ... (it may take while)
<jsub><request><index>7091340</index><jobIndex>11527989</jobIndex></request></jsub>
--------------------------------------------------------------------------------------------
job number 64	 run number = 52235 	 job submission probably succeeded at Wed Feb  4 14:44:21 EST 2015
[m[?25hParsing script ... (it may take while)
<jsub><request><index>7091342</index><jobIndex>11527991</jobIndex></request></jsub>
--------------------------------------------------------------------------------------------
job number 65	 run number = 52237 	 job submission probably succeeded at Wed Feb  4 14:44:24 EST 2015
[m[?25hParsing script ... (it may take while)
<jsub><request><index>7091345</index><jobIndex>11527994</jobIndex></request></jsub>
--------------------------------------------------------------------------------------------
job number 66	 run number = 52238 	 job submission probably succeeded at Wed Feb  4 14:44:34 EST 2015
[m[?25hParsing script ... (it may take while)
<jsub><request><index>7091349</index><jobIndex>11527998</jobIndex></request></jsub>
--------------------------------------------------------------------------------------------
job number 67	 run number = 52239 	 job submission probably succeeded at Wed Feb  4 14:44:37 EST 2015
[m[?25hParsing script ... (it may take while)
<jsub><request><index>7091352</index><jobIndex>11528000</jobIndex></request></jsub>
--------------------------------------------------------------------------------------------
job number 68	 run number = 52240 	 job submission probably succeeded at Wed Feb  4 14:44:42 EST 2015
[m[?25hParsing script ... (it may take while)
<jsub><request><index>7091354</index><jobIndex>11528003</jobIndex></request></jsub>
--------------------------------------------------------------------------------------------
job number 69	 run number = 52241 	 job submission probably succeeded at Wed Feb  4 14:44:45 EST 2015
[m[?25hParsing script ... (it may take while)
<jsub><request><index>7091356</index><jobIndex>11528005</jobIndex></request></jsub>
--------------------------------------------------------------------------------------------
job number 70	 run number = 52242 	 job submission probably succeeded at Wed Feb  4 14:44:49 EST 2015
[m[?25hParsing script ... (it may take while)
<jsub><request><index>7091359</index><jobIndex>11528008</jobIndex></request></jsub>
--------------------------------------------------------------------------------------------
job number 71	 run number = 52243 	 job submission probably succeeded at Wed Feb  4 14:44:53 EST 2015
[m[?25hParsing script ... (it may take while)
<jsub><request><index>7091361</index><jobIndex>11528010</jobIndex></request></jsub>
--------------------------------------------------------------------------------------------
job number 72	 run number = 52244 	 job submission probably succeeded at Wed Feb  4 14:44:57 EST 2015
[m[?25hParsing script ... (it may take while)
<jsub><request><index>7091364</index><jobIndex>11528013</jobIndex></request></jsub>
--------------------------------------------------------------------------------------------
job number 73	 run number = 52245 	 job submission probably succeeded at Wed Feb  4 14:45:02 EST 2015
[m[?25hParsing script ... (it may take while)
<jsub><request><index>7091366</index><jobIndex>11528015</jobIndex></request></jsub>
--------------------------------------------------------------------------------------------
job number 74	 run number = 52246 	 job submission probably succeeded at Wed Feb  4 14:45:06 EST 2015
[m[?25hParsing script ... (it may take while)
<jsub><request><index>7091368</index><jobIndex>11528017</jobIndex></request></jsub>
--------------------------------------------------------------------------------------------
job number 75	 run number = 52247 	 job submission probably succeeded at Wed Feb  4 14:45:09 EST 2015
[m[?25hParsing script ... (it may take while)
<jsub><request><index>7091371</index><jobIndex>11528020</jobIndex></request></jsub>
--------------------------------------------------------------------------------------------
job number 76	 run number = 52248 	 job submission probably succeeded at Wed Feb  4 14:45:14 EST 2015
[m[?25hParsing script ... (it may take while)
<jsub><request><index>7091373</index><jobIndex>11528022</jobIndex></request></jsub>
--------------------------------------------------------------------------------------------
job number 77	 run number = 52249 	 job submission probably succeeded at Wed Feb  4 14:45:17 EST 2015
[m[?25hParsing script ... (it may take while)
<jsub><request><index>7091376</index><jobIndex>11528025</jobIndex></request></jsub>
--------------------------------------------------------------------------------------------
job number 78	 run number = 52250 	 job submission probably succeeded at Wed Feb  4 14:45:21 EST 2015
[m[?25hParsing script ... (it may take while)
<jsub><request><index>7091378</index><jobIndex>11528027</jobIndex></request></jsub>
--------------------------------------------------------------------------------------------
job number 79	 run number = 52251 	 job submission probably succeeded at Wed Feb  4 14:45:25 EST 2015
[m[?25hParsing script ... (it may take while)
<jsub><request><index>7091381</index><jobIndex>11528030</jobIndex></request></jsub>
--------------------------------------------------------------------------------------------
job number 80	 run number = 52252 	 job submission probably succeeded at Wed Feb  4 14:45:29 EST 2015
[m[?25hParsing script ... (it may take while)
<jsub><request><index>7091383</index><jobIndex>11528032</jobIndex></request></jsub>
--------------------------------------------------------------------------------------------
job number 81	 run number = 52253 	 job submission probably succeeded at Wed Feb  4 14:45:33 EST 2015
[m[?25hParsing script ... (it may take while)
<jsub><request><index>7091385</index><jobIndex>11528034</jobIndex></request></jsub>
--------------------------------------------------------------------------------------------
job number 82	 run number = 52254 	 job submission probably succeeded at Wed Feb  4 14:45:37 EST 2015
[m[?25hParsing script ... (it may take while)
<jsub><request><index>7091388</index><jobIndex>11528037</jobIndex></request></jsub>
--------------------------------------------------------------------------------------------
job number 83	 run number = 52255 	 job submission probably succeeded at Wed Feb  4 14:45:41 EST 2015
[m[?25hParsing script ... (it may take while)
<jsub><request><index>7091390</index><jobIndex>11528039</jobIndex></request></jsub>
--------------------------------------------------------------------------------------------
job number 84	 run number = 52256 	 job submission probably succeeded at Wed Feb  4 14:45:45 EST 2015
[m[?25hParsing script ... (it may take while)
<jsub><request><index>7091393</index><jobIndex>11528042</jobIndex></request></jsub>
--------------------------------------------------------------------------------------------
job number 85	 run number = 52257 	 job submission probably succeeded at Wed Feb  4 14:45:50 EST 2015
[m[?25hParsing script ... (it may take while)
<jsub><request><index>7091395</index><jobIndex>11528044</jobIndex></request></jsub>
--------------------------------------------------------------------------------------------
job number 86	 run number = 52258 	 job submission probably succeeded at Wed Feb  4 14:45:54 EST 2015
[m[?25hParsing script ... (it may take while)
<jsub><request><index>7091397</index><jobIndex>11528046</jobIndex></request></jsub>
--------------------------------------------------------------------------------------------
job number 87	 run number = 52259 	 job submission probably succeeded at Wed Feb  4 14:45:58 EST 2015
[m[?25hParsing script ... (it may take while)
<jsub><request><index>7091400</index><jobIndex>11528049</jobIndex></request></jsub>
--------------------------------------------------------------------------------------------
job number 88	 run number = 52260 	 job submission probably succeeded at Wed Feb  4 14:46:02 EST 2015
[m[?25hParsing script ... (it may take while)
<jsub><request><index>7091402</index><jobIndex>11528051</jobIndex></request></jsub>
--------------------------------------------------------------------------------------------
job number 89	 run number = 52261 	 job submission probably succeeded at Wed Feb  4 14:46:06 EST 2015
[m[?25hParsing script ... (it may take while)
<jsub><request><index>7091404</index><jobIndex>11528053</jobIndex></request></jsub>
--------------------------------------------------------------------------------------------
job number 90	 run number = 52262 	 job submission probably succeeded at Wed Feb  4 14:46:10 EST 2015
[m[?25hParsing script ... (it may take while)
<jsub><request><index>7091407</index><jobIndex>11528056</jobIndex></request></jsub>
--------------------------------------------------------------------------------------------
job number 91	 run number = 52263 	 job submission probably succeeded at Wed Feb  4 14:46:14 EST 2015
[m[?25hParsing script ... (it may take while)
<jsub><request><index>7091409</index><jobIndex>11528058</jobIndex></request></jsub>
--------------------------------------------------------------------------------------------
job number 92	 run number = 52264 	 job submission probably succeeded at Wed Feb  4 14:46:18 EST 2015
[m[?25hParsing script ... (it may take while)
<jsub><request><index>7091412</index><jobIndex>11528061</jobIndex></request></jsub>
--------------------------------------------------------------------------------------------
job number 93	 run number = 52265 	 job submission probably succeeded at Wed Feb  4 14:46:22 EST 2015
[m[?25hParsing script ... (it may take while)
<jsub><request><index>7091414</index><jobIndex>11528063</jobIndex></request></jsub>
--------------------------------------------------------------------------------------------
job number 94	 run number = 52266 	 job submission probably succeeded at Wed Feb  4 14:46:27 EST 2015
[m[?25hParsing script ... (it may take while)
<jsub><request><index>7091418</index><jobIndex>11528067</jobIndex></request></jsub>
--------------------------------------------------------------------------------------------
job number 95	 run number = 52267 	 job submission probably succeeded at Wed Feb  4 14:46:31 EST 2015
[m[?25hParsing script ... (it may take while)
<jsub><request><index>7091423</index><jobIndex>11528072</jobIndex></request></jsub>
--------------------------------------------------------------------------------------------
job number 96	 run number = 52268 	 job submission probably succeeded at Wed Feb  4 14:46:40 EST 2015
[m[?25hParsing script ... (it may take while)
<jsub><request><index>7091426</index><jobIndex>11528075</jobIndex></request></jsub>
--------------------------------------------------------------------------------------------
job number 97	 run number = 52269 	 job submission probably succeeded at Wed Feb  4 14:46:44 EST 2015
[m[?25hParsing script ... (it may take while)
<jsub><request><index>7091429</index><jobIndex>11528078</jobIndex></request></jsub>
--------------------------------------------------------------------------------------------
job number 98	 run number = 52270 	 job submission probably succeeded at Wed Feb  4 14:46:48 EST 2015
[m[?25hParsing script ... (it may take while)
<jsub><request><index>7091435</index><jobIndex>11528084</jobIndex></request></jsub>
--------------------------------------------------------------------------------------------
job number 99	 run number = 52271 	 job submission probably succeeded at Wed Feb  4 14:46:57 EST 2015
[m[?25hParsing script ... (it may take while)
<jsub><request><index>7091438</index><jobIndex>11528087</jobIndex></request></jsub>
--------------------------------------------------------------------------------------------
job number 100	 run number = 52272 	 job submission probably succeeded at Wed Feb  4 14:47:01 EST 2015
[m[?25hParsing script ... (it may take while)
<jsub><request><index>7091442</index><jobIndex>11528091</jobIndex></request></jsub>
--------------------------------------------------------------------------------------------
job number 101	 run number = 52273 	 job submission probably succeeded at Wed Feb  4 14:47:04 EST 2015
[m[?25hParsing script ... (it may take while)
<jsub><request><index>7091445</index><jobIndex>11528094</jobIndex></request></jsub>
--------------------------------------------------------------------------------------------
job number 102	 run number = 52274 	 job submission probably succeeded at Wed Feb  4 14:47:08 EST 2015
[m[?25hParsing script ... (it may take while)
<jsub><request><index>7091449</index><jobIndex>11528098</jobIndex></request></jsub>
--------------------------------------------------------------------------------------------
job number 103	 run number = 52277 	 job submission probably succeeded at Wed Feb  4 14:47:12 EST 2015
[m[?25hParsing script ... (it may take while)
<jsub><request><index>7091452</index><jobIndex>11528101</jobIndex></request></jsub>
--------------------------------------------------------------------------------------------
job number 104	 run number = 52278 	 job submission probably succeeded at Wed Feb  4 14:47:16 EST 2015
[m[?25hParsing script ... (it may take while)
<jsub><request><index>7091454</index><jobIndex>11528103</jobIndex></request></jsub>
--------------------------------------------------------------------------------------------
job number 105	 run number = 52279 	 job submission probably succeeded at Wed Feb  4 14:47:20 EST 2015
[m[?25hParsing script ... (it may take while)
<jsub><request><index>7091458</index><jobIndex>11528107</jobIndex></request></jsub>
--------------------------------------------------------------------------------------------
job number 106	 run number = 52280 	 job submission probably succeeded at Wed Feb  4 14:47:23 EST 2015
[m[?25hParsing script ... (it may take while)
<jsub><request><index>7091461</index><jobIndex>11528110</jobIndex></request></jsub>
--------------------------------------------------------------------------------------------
job number 107	 run number = 52281 	 job submission probably succeeded at Wed Feb  4 14:47:28 EST 2015
[m[?25hParsing script ... (it may take while)
<jsub><request><index>7091465</index><jobIndex>11528114</jobIndex></request></jsub>
--------------------------------------------------------------------------------------------
job number 108	 run number = 52282 	 job submission probably succeeded at Wed Feb  4 14:47:32 EST 2015
[m[?25hParsing script ... (it may take while)
<jsub><request><index>7091467</index><jobIndex>11528116</jobIndex></request></jsub>
--------------------------------------------------------------------------------------------
job number 109	 run number = 52283 	 job submission probably succeeded at Wed Feb  4 14:47:35 EST 2015
[m[?25hParsing script ... (it may take while)
<jsub><request><index>7091469</index><jobIndex>11528118</jobIndex></request></jsub>
--------------------------------------------------------------------------------------------
job number 110	 run number = 52284 	 job submission probably succeeded at Wed Feb  4 14:47:39 EST 2015
[m[?25hParsing script ... (it may take while)
<jsub><request><index>7091474</index><jobIndex>11528123</jobIndex></request></jsub>
--------------------------------------------------------------------------------------------
job number 111	 run number = 52285 	 job submission probably succeeded at Wed Feb  4 14:47:48 EST 2015
[m[?25hParsing script ... (it may take while)
<jsub><request><index>7091477</index><jobIndex>11528126</jobIndex></request></jsub>
--------------------------------------------------------------------------------------------
job number 112	 run number = 52286 	 job submission probably succeeded at Wed Feb  4 14:47:52 EST 2015
[m[?25hParsing script ... (it may take while)
<jsub><request><index>7091480</index><jobIndex>11528129</jobIndex></request></jsub>
--------------------------------------------------------------------------------------------
job number 113	 run number = 52287 	 job submission probably succeeded at Wed Feb  4 14:47:56 EST 2015
[m[?25hParsing script ... (it may take while)
<jsub><request><index>7091483</index><jobIndex>11528132</jobIndex></request></jsub>
--------------------------------------------------------------------------------------------
job number 114	 run number = 52288 	 job submission probably succeeded at Wed Feb  4 14:48:00 EST 2015
[m[?25hParsing script ... (it may take while)
<jsub><request><index>7091485</index><jobIndex>11528134</jobIndex></request></jsub>
--------------------------------------------------------------------------------------------
job number 115	 run number = 52289 	 job submission probably succeeded at Wed Feb  4 14:48:05 EST 2015
finished submitting 115 jobs (with 0 possible failures) at Wed Feb  4 14:48:05 EST 2015
